<?xml version="1.0" encoding="UTF-8"?>
<testsuite xmlns:xsi="http://www.w3.org/2001/XMLSchema-instance" xsi:noNamespaceSchemaLocation="https://maven.apache.org/surefire/maven-surefire-plugin/xsd/surefire-test-report.xsd" version="3.0.2" name="com.example.TemperatureConverterTest" time="0.267" tests="35" errors="0" skipped="0" failures="0">
  <properties>
[...]
</properties>
  <testcase name="isExtremeTemperature_boundariesAreInclusive" classname="com.example.TemperatureConverterTest" time="0.034"/>
  <testcase name="isExtremeTemperature_justPastBoundaries" classname="com.example.TemperatureConverterTest" time="0.003"/>
  <testcase name="isExtremeTemperature_insideRange" classname="com.example.TemperatureConverterTest" time="0.002"/>
  <testcase name="fahrenheitToCelsius_boilingPoint" classname="com.example.TemperatureConverterTest" time="0.005"/>
  <testcase name="fahrenheitToCelsius_freezingPoint" classname="com.example.TemperatureConverterTest" time="0.0"/>
  <testcase name="isExtremeTemperature_edgeCases(double, boolean)[1]" classname="com.example.TemperatureConverterTest" time="0.032"/>
  <testcase name="isExtremeTemperature_edgeCases(double, boolean)[2]" classname="com.example.TemperatureConverterTest" time="0.002"/>
  <testcase name="isExtremeTemperature_edgeCases(double, boolean)[3]" classname="com.example.TemperatureConverterTest" time="0.002"/>
  <testcase name="isExtremeTemperature_edgeCases(double, boolean)[4]" classname="com.example.TemperatureConverterTest" time="0.001"/>
  <testcase name="isExtremeTemperature_edgeCases(double, boolean)[5]" classname="com.example.TemperatureConverterTest" time="0.001"/>
  <testcase name="isExtremeTemperature_edgeCases(double, boolean)[6]" classname="com.example.TemperatureConverterTest" time="0.001"/>
  <testcase name="isExtremeTemperature_edgeCases(double, boolean)[7]" classname="com.example.TemperatureConverterTest" time="0.001"/>
  <testcase name="isExtremeTemperature_edgeCases(double, boolean)[8]" classname="com.example.TemperatureConverterTest" time="0.001"/>
  <testcase name="celsiusToFahrenheit_boilingPoint" classname="com.example.TemperatureConverterTest" time="0.001"/>
  <testcase name="fahrenheitToCelsius_scalesMeetAtMinus40" classname="com.example.TemperatureConverterTest" time="0.002"/>
  <testcase name="celsiusToFahrenheit_multipleInputs(double, double)[1]" classname="com.example.TemperatureConverterTest" time="0.003"/>
  <testcase name="celsiusToFahrenheit_multipleInputs(double, double)[2]" classname="com.example.TemperatureConverterTest" time="0.001"/>
  <testcase name="celsiusToFahrenheit_multipleInputs(double, double)[3]" classname="com.example.TemperatureConverterTest" time="0.001"/>
  <testcase name="celsiusToFahrenheit_multipleInputs(double, double)[4]" classname="com.example.TemperatureConverterTest" time="0.0"/>
  <testcase name="celsiusToFahrenheit_multipleInputs(double, double)[5]" classname="com.example.TemperatureConverterTest" time="0.0"/>
  <testcase name="celsiusToFahrenheit_multipleInputs(double, double)[6]" classname="com.example.TemperatureConverterTest" time="0.001"/>
  <testcase name="celsiusToFahrenheit_freezingPoint" classname="com.example.TemperatureConverterTest" time="0.002"/>
  <testcase name="fahrenheitToCelsius_multipleInputs(double, double)[1]" classname="com.example.TemperatureConverterTest" time="0.002"/>
  <testcase name="fahrenheitToCelsius_multipleInputs(double, double)[2]" classname="com.example.TemperatureConverterTest" time="0.001"/>
  <testcase name="fahrenheitToCelsius_multipleInputs(double, double)[3]" classname="com.example.TemperatureConverterTest" time="0.001"/>
  <testcase name="fahrenheitToCelsius_multipleInputs(double, double)[4]" classname="com.example.TemperatureConverterTest" time="0.001"/>
  <testcase name="fahrenheitToCelsius_multipleInputs(double, double)[5]" classname="com.example.TemperatureConverterTest" time="0.002"/>
  <testcase name="fahrenheitToCelsius_multipleInputs(double, double)[6]" classname="com.example.TemperatureConverterTest" time="0.001"/>
  <testcase name="isExtremeTemperature_outsideRange" classname="com.example.TemperatureConverterTest" time="0.001"/>
  <testcase name="conversionsAreInverseOfEachOther(double)[1]" classname="com.example.TemperatureConverterTest" time="0.003"/>
  <testcase name="conversionsAreInverseOfEachOther(double)[2]" classname="com.example.TemperatureConverterTest" time="0.001"/>
  <testcase name="conversionsAreInverseOfEachOther(double)[3]" classname="com.example.TemperatureConverterTest" time="0.001"/>
  <testcase name="conversionsAreInverseOfEachOther(double)[4]" classname="com.example.TemperatureConverterTest" time="0.001"/>
  <testcase name="conversionsAreInverseOfEachOther(double)[5]" classname="com.example.TemperatureConverterTest" time="0.001"/>
  <testcase name="conversionsAreInverseOfEachOther(double)[6]" classname="com.example.TemperatureConverterTest" time="0.001"/>
</testsuite>